Arguments: 
  D:\nodejs\node.exe C:\Users\24603\AppData\Roaming\npm\node_modules\yarn\bin\yarn.js add uview--ui

PATH: 
  D:\Git\mingw64\bin;D:\Git\usr\bin;C:\Users\24603\bin;D:\xhell6;C:\Program Files (x86)\Common Files\Oracle\Java\javapath;C:\Python27;C:\Python27\Scripts;C:\Windows\system32;C:\Windows;C:\Windows\System32\Wbem;C:\Windows\System32\WindowsPowerShell\v1.0;C:\Windows\System32\OpenSSH;C:\ProgramData\chocolatey\bin;D:\cmder;D:\nodejs;D:\Git\usr\bin;D:\xampp\mysql\bin;C:\Program Files\Microsoft SQL Server\130\Tools\Binn;D:\redis;C:\Program Files\NVIDIA Corporation\NVIDIA NvDLISR;C:\Program Files (x86)\NVIDIA Corporation\PhysX\Common;C:\Program Files\Java\jre1.8.0_241\bin;C:\Program Files\Java\jre1.8.0_241\jre\bin;D:\mongodb\bin;D:\go\bin;C:\Users\24603\AppData\Local\Microsoft\WindowsApps;C:\Users\24603\AppData\Local\Programs\Microsoft VS Code\bin;C:\Users\24603\AppData\Roaming\npm;C:\Users\24603\go\bin

Yarn version: 
  1.21.1

Node version: 
  12.13.1

Platform: 
  win32 x64

Trace: 
  Error: https://registry.npmjs.org/uview--ui: Not found
      at Request.params.callback [as _callback] (C:\Users\24603\AppData\Roaming\npm\node_modules\yarn\lib\cli.js:66947:18)
      at Request.self.callback (C:\Users\24603\AppData\Roaming\npm\node_modules\yarn\lib\cli.js:140665:22)
      at Request.emit (events.js:210:5)
      at Request.<anonymous> (C:\Users\24603\AppData\Roaming\npm\node_modules\yarn\lib\cli.js:141637:10)
      at Request.emit (events.js:210:5)
      at IncomingMessage.<anonymous> (C:\Users\24603\AppData\Roaming\npm\node_modules\yarn\lib\cli.js:141559:12)
      at Object.onceWrapper (events.js:299:28)
      at IncomingMessage.emit (events.js:215:7)
      at endReadableNT (_stream_readable.js:1184:12)
      at processTicksAndRejections (internal/process/task_queues.js:80:21)

npm manifest: 
  {
      "name": "uniapp-route-guards",
      "version": "1.0.0",
      "description": "在 uniapp 中模拟并实现对应 vue-router 的部分 Api 的功能",
      "main": "lib/index.js",
      "directories": {
          "lib": "lib"
      },
      "scripts": {
          "test": "echo \"Error: no test specified\" && exit 1"
      },
      "repository": {
          "type": "git",
          "url": "git+https://github.com/2460392754/pocky.route-guards.uniapp.git"
      },
      "keywords": [
          "uniapp",
          "uni-app"
      ],
      "author": "pocky",
      "license": "ISC",
      "bugs": {
          "url": "https://github.com/2460392754/pocky.route-guards.uniapp/issues"
      },
      "homepage": "https://github.com/2460392754/pocky.route-guards.uniapp#readme",
      "dependencies": {
          "uni-read-pages": "^1.0.5"
      }
  }

yarn manifest: 
  No manifest

Lockfile: 
  # THIS IS AN AUTOGENERATED FILE. DO NOT EDIT THIS FILE DIRECTLY.
  # yarn lockfile v1
  
  
  uni-read-pages@^1.0.5:
    version "1.0.5"
    resolved "https://registry.npmjs.org/uni-read-pages/-/uni-read-pages-1.0.5.tgz#452c8dcaa8977bbaef600909be926c8d9704387c"
    integrity sha512-GkrrZ0LX0vn9R5k6RKEi0Ez3Q3e2vUpjXQ8Z6/K/d28KudI9ajqgt8WEjQFlG5EPm1K6uTArN8LlqmZTEixDUA==
